3539 
0 0 5 1 
0 2 5 3 
0 4 5 5 
0 6 5 7 
0 10 5 11 
0 12 5 13 
0 16 5 17 
0 18 5 19 
0 20 5 21 
0 22 5 23 
0 24 5 25 
0 26 5 27 
0 28 5 29 
0 30 5 31 
0 32 5 33 
0 34 5 35 
0 36 5 37 
0 38 5 39 
0 40 5 41 
0 42 5 43 
0 44 5 45 
0 46 5 47 
0 48 5 49 
0 50 5 51 
0 54 5 55 
0 56 5 57 
0 58 5 59 
0 60 5 61 
0 62 5 63 
0 64 5 65 
0 66 5 67 
0 68 5 69 
0 70 5 71 
0 72 5 73 
0 74 5 75 
0 76 5 77 
0 78 5 79 
0 80 5 81 
0 82 5 83 
0 84 5 85 
0 86 5 87 
0 90 5 91 
0 92 5 93 
0 94 5 95 
0 96 5 97 
0 98 5 99 
0 100 5 101 
0 102 5 103 
0 106 5 107 
0 108 5 109 
0 110 5 111 
0 112 5 113 
0 114 5 115 
0 116 5 117 
0 118 5 119 
0 120 5 121 
0 122 5 123 
0 124 5 125 
0 126 5 127 
0 128 5 129 
0 130 5 131 
0 132 5 133 
0 134 5 135 
0 138 5 139 
0 140 5 141 
0 142 5 143 
0 144 5 145 
0 150 5 151 
0 152 5 153 
0 154 5 155 
0 156 5 157 
0 158 5 159 
0 160 5 161 
0 162 5 163 
0 164 5 165 
0 166 5 167 
0 168 5 169 
0 170 5 171 
0 172 5 173 
0 174 5 175 
0 176 5 177 
0 178 5 179 
0 180 5 181 
0 182 5 183 
0 184 5 185 
0 186 5 187 
0 188 5 189 
0 190 5 191 
0 192 5 193 
0 194 5 195 
0 198 5 199 
0 202 5 203 
0 204 5 205 
0 206 5 207 
0 208 5 209 
0 210 5 211 
0 212 5 213 
0 214 5 215 
0 216 5 217 
0 218 5 219 
0 220 5 221 
0 222 5 223 
0 224 5 225 
0 228 5 229 
0 230 5 231 
0 232 5 233 
0 234 5 235 
0 236 5 237 
0 238 5 239 
0 240 5 241 
0 242 5 243 
0 244 5 245 
0 246 5 247 
0 248 5 249 
6 0 11 1 
6 2 11 3 
6 4 11 5 
6 6 11 7 
6 8 11 9 
6 10 11 11 
6 12 11 13 
6 14 11 15 
6 16 11 17 
6 18 11 19 
6 20 11 21 
6 24 11 25 
6 26 11 27 
6 28 11 29 
6 30 11 31 
6 32 11 33 
6 34 11 35 
6 36 11 37 
6 38 11 39 
6 40 11 41 
6 42 11 43 
6 44 11 45 
6 48 11 49 
6 50 11 51 
6 52 11 53 
6 54 11 55 
6 56 11 57 
6 58 11 59 
6 60 11 61 
6 62 11 63 
6 64 11 65 
6 66 11 67 
6 68 11 69 
6 72 11 73 
6 74 11 75 
6 76 11 77 
6 78 11 79 
6 80 11 81 
6 82 11 83 
6 84 11 85 
6 86 11 87 
6 88 11 89 
6 92 11 93 
6 94 11 95 
6 96 11 97 
6 98 11 99 
6 100 11 101 
6 104 11 105 
6 106 11 107 
6 108 11 109 
6 112 11 113 
6 114 11 115 
6 116 11 117 
6 118 11 119 
6 120 11 121 
6 122 11 123 
6 124 11 125 
6 126 11 127 
6 128 11 129 
6 130 11 131 
6 132 11 133 
6 134 11 135 
6 136 11 137 
6 142 11 143 
6 146 11 147 
6 148 11 149 
6 150 11 151 
6 152 11 153 
6 154 11 155 
6 156 11 157 
6 160 11 161 
6 162 11 163 
6 164 11 165 
6 166 11 167 
6 168 11 169 
6 170 11 171 
6 172 11 173 
6 174 11 175 
6 176 11 177 
6 180 11 181 
6 182 11 183 
6 184 11 185 
6 186 11 187 
6 188 11 189 
6 190 11 191 
6 192 11 193 
6 194 11 195 
6 196 11 197 
6 198 11 199 
6 200 11 201 
6 202 11 203 
6 204 11 205 
6 206 11 207 
6 208 11 209 
6 210 11 211 
6 212 11 213 
6 214 11 215 
6 218 11 219 
6 220 11 221 
6 222 11 223 
6 224 11 225 
6 226 11 227 
6 228 11 229 
6 230 11 231 
6 232 11 233 
6 236 11 237 
6 238 11 239 
6 240 11 241 
6 242 11 243 
6 244 11 245 
6 246 11 247 
12 0 17 1 
12 2 17 3 
12 6 17 7 
12 8 17 9 
12 12 17 13 
12 14 17 15 
12 18 17 19 
12 20 17 21 
12 22 17 23 
12 24 17 25 
12 26 17 27 
12 28 17 29 
12 30 17 31 
12 32 17 33 
12 34 17 35 
12 38 17 39 
12 40 17 41 
12 42 17 43 
12 44 17 45 
12 46 17 47 
12 48 17 49 
12 50 17 51 
12 52 17 53 
12 54 17 55 
12 56 17 57 
12 58 17 59 
12 60 17 61 
12 62 17 63 
12 64 17 65 
12 66 17 67 
12 68 17 69 
12 72 17 73 
12 74 17 75 
12 76 17 77 
12 80 17 81 
12 82 17 83 
12 86 17 87 
12 88 17 89 
12 90 17 91 
12 92 17 93 
12 94 17 95 
12 96 17 97 
12 98 17 99 
12 100 17 101 
12 102 17 103 
12 104 17 105 
12 106 17 107 
12 108 17 109 
12 110 17 111 
12 114 17 115 
12 116 17 117 
12 118 17 119 
12 120 17 121 
12 122 17 123 
12 124 17 125 
12 126 17 127 
12 128 17 129 
12 130 17 131 
12 134 17 135 
12 136 17 137 
12 138 17 139 
12 140 17 141 
12 142 17 143 
12 146 17 147 
12 148 17 149 
12 150 17 151 
12 154 17 155 
12 156 17 157 
12 160 17 161 
12 162 17 163 
12 164 17 165 
12 166 17 167 
12 168 17 169 
12 170 17 171 
12 172 17 173 
12 174 17 175 
12 176 17 177 
12 180 17 181 
12 184 17 185 
12 186 17 187 
12 188 17 189 
12 190 17 191 
12 192 17 193 
12 196 17 197 
12 198 17 199 
12 200 17 201 
12 202 17 203 
12 204 17 205 
12 206 17 207 
12 208 17 209 
12 210 17 211 
12 212 17 213 
12 214 17 215 
12 216 17 217 
12 220 17 221 
12 224 17 225 
12 228 17 229 
12 230 17 231 
12 232 17 233 
12 234 17 235 
12 236 17 237 
12 238 17 239 
12 242 17 243 
12 244 17 245 
12 246 17 247 
12 248 17 249 
18 0 23 1 
18 2 23 3 
18 4 23 5 
18 8 23 9 
18 10 23 11 
18 12 23 13 
18 16 23 17 
18 18 23 19 
18 22 23 23 
18 24 23 25 
18 26 23 27 
18 30 23 31 
18 32 23 33 
18 34 23 35 
18 36 23 37 
18 38 23 39 
18 40 23 41 
18 42 23 43 
18 44 23 45 
18 46 23 47 
18 48 23 49 
18 52 23 53 
18 54 23 55 
18 56 23 57 
18 58 23 59 
18 60 23 61 
18 62 23 63 
18 64 23 65 
18 66 23 67 
18 76 23 77 
18 78 23 79 
18 80 23 81 
18 82 23 83 
18 84 23 85 
18 88 23 89 
18 90 23 91 
18 92 23 93 
18 96 23 97 
18 98 23 99 
18 100 23 101 
18 102 23 103 
18 104 23 105 
18 106 23 107 
18 108 23 109 
18 110 23 111 
18 112 23 113 
18 114 23 115 
18 120 23 121 
18 122 23 123 
18 124 23 125 
18 126 23 127 
18 130 23 131 
18 132 23 133 
18 134 23 135 
18 136 23 137 
18 138 23 139 
18 140 23 141 
18 144 23 145 
18 146 23 147 
18 148 23 149 
18 150 23 151 
18 152 23 153 
18 154 23 155 
18 156 23 157 
18 158 23 159 
18 162 23 163 
18 164 23 165 
18 166 23 167 
18 168 23 169 
18 170 23 171 
18 172 23 173 
18 174 23 175 
18 178 23 179 
18 180 23 181 
18 182 23 183 
18 184 23 185 
18 186 23 187 
18 188 23 189 
18 190 23 191 
18 192 23 193 
18 196 23 197 
18 198 23 199 
18 200 23 201 
18 206 23 207 
18 210 23 211 
18 212 23 213 
18 214 23 215 
18 218 23 219 
18 220 23 221 
18 222 23 223 
18 224 23 225 
18 230 23 231 
18 232 23 233 
18 234 23 235 
18 236 23 237 
18 238 23 239 
18 240 23 241 
18 242 23 243 
18 244 23 245 
18 246 23 247 
18 248 23 249 
24 0 29 1 
24 4 29 5 
24 6 29 7 
24 8 29 9 
24 10 29 11 
24 12 29 13 
24 14 29 15 
24 16 29 17 
24 18 29 19 
24 20 29 21 
24 22 29 23 
24 24 29 25 
24 26 29 27 
24 30 29 31 
24 32 29 33 
24 36 29 37 
24 40 29 41 
24 42 29 43 
24 44 29 45 
24 46 29 47 
24 50 29 51 
24 52 29 53 
24 54 29 55 
24 56 29 57 
24 58 29 59 
24 60 29 61 
24 62 29 63 
24 64 29 65 
24 66 29 67 
24 70 29 71 
24 72 29 73 
24 74 29 75 
24 76 29 77 
24 78 29 79 
24 82 29 83 
24 84 29 85 
24 88 29 89 
24 90 29 91 
24 92 29 93 
24 94 29 95 
24 96 29 97 
24 98 29 99 
24 100 29 101 
24 102 29 103 
24 104 29 105 
24 106 29 107 
24 108 29 109 
24 110 29 111 
24 112 29 113 
24 114 29 115 
24 118 29 119 
24 120 29 121 
24 122 29 123 
24 124 29 125 
24 126 29 127 
24 128 29 129 
24 130 29 131 
24 132 29 133 
24 134 29 135 
24 136 29 137 
24 138 29 139 
24 140 29 141 
24 142 29 143 
24 144 29 145 
24 146 29 147 
24 148 29 149 
24 150 29 151 
24 152 29 153 
24 156 29 157 
24 158 29 159 
24 164 29 165 
24 166 29 167 
24 168 29 169 
24 170 29 171 
24 172 29 173 
24 174 29 175 
24 176 29 177 
24 178 29 179 
24 180 29 181 
24 182 29 183 
24 188 29 189 
24 190 29 191 
24 192 29 193 
24 194 29 195 
24 196 29 197 
24 200 29 201 
24 206 29 207 
24 208 29 209 
24 210 29 211 
24 212 29 213 
24 214 29 215 
24 216 29 217 
24 218 29 219 
24 220 29 221 
24 222 29 223 
24 224 29 225 
24 226 29 227 
24 228 29 229 
24 230 29 231 
24 234 29 235 
24 236 29 237 
24 238 29 239 
24 240 29 241 
24 242 29 243 
24 246 29 247 
24 248 29 249 
30 0 35 1 
30 2 35 3 
30 4 35 5 
30 10 35 11 
30 12 35 13 
30 14 35 15 
30 18 35 19 
30 20 35 21 
30 22 35 23 
30 24 35 25 
30 26 35 27 
30 28 35 29 
30 30 35 31 
30 32 35 33 
30 36 35 37 
30 38 35 39 
30 40 35 41 
30 42 35 43 
30 44 35 45 
30 46 35 47 
30 50 35 51 
30 54 35 55 
30 56 35 57 
30 58 35 59 
30 60 35 61 
30 62 35 63 
30 64 35 65 
30 68 35 69 
30 70 35 71 
30 72 35 73 
30 76 35 77 
30 78 35 79 
30 80 35 81 
30 84 35 85 
30 86 35 87 
30 88 35 89 
30 90 35 91 
30 92 35 93 
30 94 35 95 
30 96 35 97 
30 98 35 99 
30 100 35 101 
30 102 35 103 
30 106 35 107 
30 108 35 109 
30 110 35 111 
30 112 35 113 
30 114 35 115 
30 116 35 117 
30 118 35 119 
30 120 35 121 
30 122 35 123 
30 124 35 125 
30 126 35 127 
30 128 35 129 
30 130 35 131 
30 132 35 133 
30 134 35 135 
30 136 35 137 
30 138 35 139 
30 140 35 141 
30 142 35 143 
30 144 35 145 
30 146 35 147 
30 148 35 149 
30 150 35 151 
30 152 35 153 
30 156 35 157 
30 160 35 161 
30 166 35 167 
30 170 35 171 
30 172 35 173 
30 176 35 177 
30 178 35 179 
30 180 35 181 
30 182 35 183 
30 186 35 187 
30 188 35 189 
30 192 35 193 
30 194 35 195 
30 196 35 197 
30 200 35 201 
30 202 35 203 
30 204 35 205 
30 210 35 211 
30 212 35 213 
30 214 35 215 
30 216 35 217 
30 218 35 219 
30 220 35 221 
30 224 35 225 
30 226 35 227 
30 228 35 229 
30 230 35 231 
30 232 35 233 
30 234 35 235 
30 236 35 237 
30 238 35 239 
30 240 35 241 
30 242 35 243 
30 244 35 245 
30 246 35 247 
30 248 35 249 
36 2 41 3 
36 4 41 5 
36 6 41 7 
36 8 41 9 
36 10 41 11 
36 12 41 13 
36 14 41 15 
36 16 41 17 
36 18 41 19 
36 20 41 21 
36 22 41 23 
36 24 41 25 
36 26 41 27 
36 28 41 29 
36 30 41 31 
36 32 41 33 
36 34 41 35 
36 36 41 37 
36 38 41 39 
36 42 41 43 
36 44 41 45 
36 46 41 47 
36 48 41 49 
36 50 41 51 
36 54 41 55 
36 58 41 59 
36 60 41 61 
36 62 41 63 
36 64 41 65 
36 66 41 67 
36 72 41 73 
36 74 41 75 
36 76 41 77 
36 78 41 79 
36 80 41 81 
36 84 41 85 
36 86 41 87 
36 88 41 89 
36 90 41 91 
36 92 41 93 
36 94 41 95 
36 96 41 97 
36 98 41 99 
36 100 41 101 
36 102 41 103 
36 104 41 105 
36 106 41 107 
36 110 41 111 
36 112 41 113 
36 116 41 117 
36 120 41 121 
36 122 41 123 
36 124 41 125 
36 126 41 127 
36 128 41 129 
36 130 41 131 
36 134 41 135 
36 136 41 137 
36 138 41 139 
36 140 41 141 
36 142 41 143 
36 144 41 145 
36 148 41 149 
36 150 41 151 
36 152 41 153 
36 154 41 155 
36 156 41 157 
36 158 41 159 
36 160 41 161 
36 162 41 163 
36 164 41 165 
36 166 41 167 
36 168 41 169 
36 170 41 171 
36 172 41 173 
36 174 41 175 
36 176 41 177 
36 178 41 179 
36 180 41 181 
36 182 41 183 
36 184 41 185 
36 186 41 187 
36 188 41 189 
36 192 41 193 
36 196 41 197 
36 198 41 199 
36 200 41 201 
36 202 41 203 
36 204 41 205 
36 206 41 207 
36 210 41 211 
36 214 41 215 
36 216 41 217 
36 218 41 219 
36 220 41 221 
36 222 41 223 
36 226 41 227 
36 228 41 229 
36 230 41 231 
36 232 41 233 
36 234 41 235 
36 236 41 237 
36 238 41 239 
36 240 41 241 
36 242 41 243 
36 244 41 245 
36 246 41 247 
36 248 41 249 
42 0 47 1 
42 2 47 3 
42 4 47 5 
42 6 47 7 
42 8 47 9 
42 10 47 11 
42 12 47 13 
42 14 47 15 
42 16 47 17 
42 22 47 23 
42 24 47 25 
42 26 47 27 
42 28 47 29 
42 30 47 31 
42 32 47 33 
42 34 47 35 
42 36 47 37 
42 38 47 39 
42 40 47 41 
42 42 47 43 
42 44 47 45 
42 46 47 47 
42 48 47 49 
42 50 47 51 
42 52 47 53 
42 54 47 55 
42 56 47 57 
42 58 47 59 
42 60 47 61 
42 62 47 63 
42 64 47 65 
42 66 47 67 
42 68 47 69 
42 70 47 71 
42 72 47 73 
42 74 47 75 
42 76 47 77 
42 78 47 79 
42 80 47 81 
42 82 47 83 
42 86 47 87 
42 90 47 91 
42 92 47 93 
42 94 47 95 
42 96 47 97 
42 98 47 99 
42 100 47 101 
42 102 47 103 
42 104 47 105 
42 106 47 107 
42 108 47 109 
42 110 47 111 
42 112 47 113 
42 114 47 115 
42 116 47 117 
42 118 47 119 
42 120 47 121 
42 122 47 123 
42 124 47 125 
42 126 47 127 
42 128 47 129 
42 130 47 131 
42 132 47 133 
42 134 47 135 
42 136 47 137 
42 138 47 139 
42 140 47 141 
42 142 47 143 
42 144 47 145 
42 146 47 147 
42 148 47 149 
42 150 47 151 
42 154 47 155 
42 156 47 157 
42 158 47 159 
42 160 47 161 
42 162 47 163 
42 164 47 165 
42 166 47 167 
42 168 47 169 
42 170 47 171 
42 172 47 173 
42 174 47 175 
42 176 47 177 
42 180 47 181 
42 184 47 185 
42 186 47 187 
42 188 47 189 
42 190 47 191 
42 192 47 193 
42 194 47 195 
42 196 47 197 
42 198 47 199 
42 200 47 201 
42 202 47 203 
42 204 47 205 
42 206 47 207 
42 208 47 209 
42 210 47 211 
42 212 47 213 
42 214 47 215 
42 218 47 219 
42 220 47 221 
42 222 47 223 
42 224 47 225 
42 226 47 227 
42 228 47 229 
42 230 47 231 
42 232 47 233 
42 234 47 235 
42 236 47 237 
42 240 47 241 
42 242 47 243 
42 244 47 245 
42 246 47 247 
42 248 47 249 
48 0 53 1 
48 2 53 3 
48 4 53 5 
48 6 53 7 
48 8 53 9 
48 10 53 11 
48 12 53 13 
48 14 53 15 
48 16 53 17 
48 18 53 19 
48 22 53 23 
48 24 53 25 
48 26 53 27 
48 28 53 29 
48 30 53 31 
48 32 53 33 
48 34 53 35 
48 36 53 37 
48 38 53 39 
48 42 53 43 
48 44 53 45 
48 46 53 47 
48 50 53 51 
48 54 53 55 
48 56 53 57 
48 58 53 59 
48 62 53 63 
48 64 53 65 
48 66 53 67 
48 68 53 69 
48 70 53 71 
48 72 53 73 
48 74 53 75 
48 76 53 77 
48 78 53 79 
48 80 53 81 
48 82 53 83 
48 84 53 85 
48 86 53 87 
48 88 53 89 
48 90 53 91 
48 92 53 93 
48 96 53 97 
48 98 53 99 
48 100 53 101 
48 104 53 105 
48 106 53 107 
48 108 53 109 
48 110 53 111 
48 112 53 113 
48 114 53 115 
48 118 53 119 
48 120 53 121 
48 122 53 123 
48 124 53 125 
48 126 53 127 
48 128 53 129 
48 132 53 133 
48 134 53 135 
48 136 53 137 
48 138 53 139 
48 140 53 141 
48 142 53 143 
48 144 53 145 
48 148 53 149 
48 150 53 151 
48 152 53 153 
48 156 53 157 
48 158 53 159 
48 160 53 161 
48 162 53 163 
48 164 53 165 
48 166 53 167 
48 168 53 169 
48 170 53 171 
48 172 53 173 
48 174 53 175 
48 176 53 177 
48 180 53 181 
48 182 53 183 
48 184 53 185 
48 186 53 187 
48 188 53 189 
48 190 53 191 
48 192 53 193 
48 194 53 195 
48 196 53 197 
48 198 53 199 
48 204 53 205 
48 206 53 207 
48 210 53 211 
48 212 53 213 
48 214 53 215 
48 218 53 219 
48 220 53 221 
48 222 53 223 
48 224 53 225 
48 226 53 227 
48 228 53 229 
48 230 53 231 
48 232 53 233 
48 234 53 235 
48 236 53 237 
48 240 53 241 
48 242 53 243 
48 244 53 245 
48 246 53 247 
48 248 53 249 
54 0 59 1 
54 2 59 3 
54 4 59 5 
54 6 59 7 
54 8 59 9 
54 10 59 11 
54 12 59 13 
54 14 59 15 
54 18 59 19 
54 20 59 21 
54 22 59 23 
54 24 59 25 
54 26 59 27 
54 30 59 31 
54 32 59 33 
54 34 59 35 
54 36 59 37 
54 38 59 39 
54 40 59 41 
54 42 59 43 
54 44 59 45 
54 46 59 47 
54 50 59 51 
54 52 59 53 
54 54 59 55 
54 56 59 57 
54 58 59 59 
54 60 59 61 
54 64 59 65 
54 66 59 67 
54 68 59 69 
54 72 59 73 
54 74 59 75 
54 76 59 77 
54 82 59 83 
54 84 59 85 
54 86 59 87 
54 90 59 91 
54 94 59 95 
54 96 59 97 
54 100 59 101 
54 102 59 103 
54 104 59 105 
54 106 59 107 
54 110 59 111 
54 112 59 113 
54 114 59 115 
54 116 59 117 
54 118 59 119 
54 120 59 121 
54 122 59 123 
54 124 59 125 
54 126 59 127 
54 128 59 129 
54 130 59 131 
54 132 59 133 
54 134 59 135 
54 136 59 137 
54 138 59 139 
54 140 59 141 
54 142 59 143 
54 144 59 145 
54 146 59 147 
54 148 59 149 
54 150 59 151 
54 152 59 153 
54 154 59 155 
54 156 59 157 
54 158 59 159 
54 160 59 161 
54 162 59 163 
54 164 59 165 
54 168 59 169 
54 170 59 171 
54 174 59 175 
54 176 59 177 
54 178 59 179 
54 180 59 181 
54 182 59 183 
54 184 59 185 
54 188 59 189 
54 194 59 195 
54 196 59 197 
54 198 59 199 
54 200 59 201 
54 202 59 203 
54 204 59 205 
54 206 59 207 
54 210 59 211 
54 212 59 213 
54 214 59 215 
54 218 59 219 
54 220 59 221 
54 222 59 223 
54 224 59 225 
54 226 59 227 
54 228 59 229 
54 232 59 233 
54 234 59 235 
54 236 59 237 
54 238 59 239 
54 240 59 241 
54 242 59 243 
54 244 59 245 
54 246 59 247 
54 248 59 249 
60 0 65 1 
60 2 65 3 
60 6 65 7 
60 8 65 9 
60 10 65 11 
60 12 65 13 
60 14 65 15 
60 16 65 17 
60 22 65 23 
60 24 65 25 
60 26 65 27 
60 28 65 29 
60 30 65 31 
60 32 65 33 
60 34 65 35 
60 36 65 37 
60 40 65 41 
60 42 65 43 
60 44 65 45 
60 46 65 47 
60 48 65 49 
60 52 65 53 
60 54 65 55 
60 56 65 57 
60 60 65 61 
60 62 65 63 
60 66 65 67 
60 68 65 69 
60 70 65 71 
60 72 65 73 
60 74 65 75 
60 76 65 77 
60 78 65 79 
60 80 65 81 
60 82 65 83 
60 84 65 85 
60 86 65 87 
60 88 65 89 
60 90 65 91 
60 92 65 93 
60 94 65 95 
60 96 65 97 
60 98 65 99 
60 100 65 101 
60 104 65 105 
60 108 65 109 
60 110 65 111 
60 112 65 113 
60 114 65 115 
60 116 65 117 
60 118 65 119 
60 124 65 125 
60 126 65 127 
60 130 65 131 
60 134 65 135 
60 136 65 137 
60 140 65 141 
60 142 65 143 
60 144 65 145 
60 146 65 147 
60 150 65 151 
60 152 65 153 
60 154 65 155 
60 156 65 157 
60 158 65 159 
60 160 65 161 
60 162 65 163 
60 164 65 165 
60 166 65 167 
60 168 65 169 
60 174 65 175 
60 176 65 177 
60 178 65 179 
60 180 65 181 
60 182 65 183 
60 184 65 185 
60 186 65 187 
60 188 65 189 
60 190 65 191 
60 192 65 193 
60 194 65 195 
60 196 65 197 
60 198 65 199 
60 200 65 201 
60 202 65 203 
60 206 65 207 
60 208 65 209 
60 210 65 211 
60 212 65 213 
60 214 65 215 
60 216 65 217 
60 220 65 221 
60 222 65 223 
60 224 65 225 
60 226 65 227 
60 230 65 231 
60 232 65 233 
60 234 65 235 
60 238 65 239 
60 240 65 241 
60 242 65 243 
60 244 65 245 
60 246 65 247 
60 248 65 249 
66 0 71 1 
66 2 71 3 
66 4 71 5 
66 8 71 9 
66 10 71 11 
66 12 71 13 
66 14 71 15 
66 16 71 17 
66 18 71 19 
66 20 71 21 
66 22 71 23 
66 26 71 27 
66 28 71 29 
66 30 71 31 
66 32 71 33 
66 34 71 35 
66 36 71 37 
66 38 71 39 
66 44 71 45 
66 46 71 47 
66 48 71 49 
66 50 71 51 
66 52 71 53 
66 54 71 55 
66 56 71 57 
66 58 71 59 
66 60 71 61 
66 62 71 63 
66 64 71 65 
66 66 71 67 
66 68 71 69 
66 70 71 71 
66 72 71 73 
66 74 71 75 
66 76 71 77 
66 78 71 79 
66 80 71 81 
66 82 71 83 
66 84 71 85 
66 86 71 87 
66 88 71 89 
66 90 71 91 
66 92 71 93 
66 94 71 95 
66 96 71 97 
66 98 71 99 
66 100 71 101 
66 102 71 103 
66 106 71 107 
66 108 71 109 
66 110 71 111 
66 114 71 115 
66 116 71 117 
66 118 71 119 
66 120 71 121 
66 122 71 123 
66 124 71 125 
66 126 71 127 
66 128 71 129 
66 130 71 131 
66 132 71 133 
66 134 71 135 
66 136 71 137 
66 138 71 139 
66 140 71 141 
66 142 71 143 
66 144 71 145 
66 146 71 147 
66 148 71 149 
66 150 71 151 
66 152 71 153 
66 156 71 157 
66 158 71 159 
66 160 71 161 
66 162 71 163 
66 166 71 167 
66 168 71 169 
66 170 71 171 
66 174 71 175 
66 176 71 177 
66 178 71 179 
66 180 71 181 
66 184 71 185 
66 186 71 187 
66 188 71 189 
66 190 71 191 
66 194 71 195 
66 196 71 197 
66 198 71 199 
66 200 71 201 
66 202 71 203 
66 204 71 205 
66 206 71 207 
66 208 71 209 
66 210 71 211 
66 212 71 213 
66 214 71 215 
66 216 71 217 
66 218 71 219 
66 220 71 221 
66 224 71 225 
66 226 71 227 
66 228 71 229 
66 230 71 231 
66 232 71 233 
66 236 71 237 
66 240 71 241 
66 242 71 243 
66 244 71 245 
66 246 71 247 
66 248 71 249 
72 0 77 1 
72 2 77 3 
72 4 77 5 
72 6 77 7 
72 8 77 9 
72 10 77 11 
72 12 77 13 
72 14 77 15 
72 16 77 17 
72 18 77 19 
72 20 77 21 
72 22 77 23 
72 28 77 29 
72 32 77 33 
72 34 77 35 
72 36 77 37 
72 40 77 41 
72 42 77 43 
72 44 77 45 
72 46 77 47 
72 48 77 49 
72 50 77 51 
72 52 77 53 
72 54 77 55 
72 56 77 57 
72 58 77 59 
72 60 77 61 
72 62 77 63 
72 64 77 65 
72 66 77 67 
72 68 77 69 
72 72 77 73 
72 74 77 75 
72 76 77 77 
72 78 77 79 
72 80 77 81 
72 84 77 85 
72 86 77 87 
72 88 77 89 
72 90 77 91 
72 92 77 93 
72 96 77 97 
72 98 77 99 
72 100 77 101 
72 102 77 103 
72 106 77 107 
72 108 77 109 
72 112 77 113 
72 114 77 115 
72 116 77 117 
72 118 77 119 
72 122 77 123 
72 124 77 125 
72 126 77 127 
72 128 77 129 
72 130 77 131 
72 132 77 133 
72 134 77 135 
72 136 77 137 
72 138 77 139 
72 140 77 141 
72 142 77 143 
72 144 77 145 
72 150 77 151 
72 152 77 153 
72 160 77 161 
72 162 77 163 
72 164 77 165 
72 166 77 167 
72 168 77 169 
72 172 77 173 
72 174 77 175 
72 176 77 177 
72 178 77 179 
72 180 77 181 
72 182 77 183 
72 184 77 185 
72 186 77 187 
72 188 77 189 
72 190 77 191 
72 192 77 193 
72 194 77 195 
72 196 77 197 
72 198 77 199 
72 202 77 203 
72 204 77 205 
72 208 77 209 
72 210 77 211 
72 212 77 213 
72 214 77 215 
72 216 77 217 
72 218 77 219 
72 220 77 221 
72 222 77 223 
72 224 77 225 
72 228 77 229 
72 230 77 231 
72 232 77 233 
72 234 77 235 
72 236 77 237 
72 238 77 239 
72 242 77 243 
72 244 77 245 
72 246 77 247 
72 248 77 249 
78 2 83 3 
78 4 83 5 
78 6 83 7 
78 8 83 9 
78 10 83 11 
78 14 83 15 
78 16 83 17 
78 20 83 21 
78 22 83 23 
78 24 83 25 
78 26 83 27 
78 30 83 31 
78 34 83 35 
78 36 83 37 
78 38 83 39 
78 40 83 41 
78 42 83 43 
78 46 83 47 
78 48 83 49 
78 50 83 51 
78 52 83 53 
78 54 83 55 
78 56 83 57 
78 58 83 59 
78 60 83 61 
78 62 83 63 
78 64 83 65 
78 68 83 69 
78 70 83 71 
78 72 83 73 
78 74 83 75 
78 78 83 79 
78 80 83 81 
78 82 83 83 
78 84 83 85 
78 86 83 87 
78 88 83 89 
78 90 83 91 
78 92 83 93 
78 94 83 95 
78 96 83 97 
78 102 83 103 
78 106 83 107 
78 108 83 109 
78 110 83 111 
78 114 83 115 
78 116 83 117 
78 118 83 119 
78 122 83 123 
78 124 83 125 
78 126 83 127 
78 128 83 129 
78 130 83 131 
78 132 83 133 
78 134 83 135 
78 136 83 137 
78 138 83 139 
78 142 83 143 
78 144 83 145 
78 146 83 147 
78 148 83 149 
78 150 83 151 
78 152 83 153 
78 154 83 155 
78 158 83 159 
78 162 83 163 
78 164 83 165 
78 166 83 167 
78 168 83 169 
78 170 83 171 
78 172 83 173 
78 174 83 175 
78 176 83 177 
78 178 83 179 
78 180 83 181 
78 186 83 187 
78 188 83 189 
78 190 83 191 
78 192 83 193 
78 198 83 199 
78 200 83 201 
78 202 83 203 
78 204 83 205 
78 206 83 207 
78 208 83 209 
78 210 83 211 
78 212 83 213 
78 214 83 215 
78 216 83 217 
78 218 83 219 
78 220 83 221 
78 222 83 223 
78 224 83 225 
78 226 83 227 
78 228 83 229 
78 230 83 231 
78 232 83 233 
78 234 83 235 
78 236 83 237 
78 238 83 239 
78 244 83 245 
78 246 83 247 
78 248 83 249 
84 0 89 1 
84 4 89 5 
84 6 89 7 
84 8 89 9 
84 10 89 11 
84 12 89 13 
84 16 89 17 
84 18 89 19 
84 20 89 21 
84 22 89 23 
84 24 89 25 
84 26 89 27 
84 28 89 29 
84 30 89 31 
84 34 89 35 
84 36 89 37 
84 40 89 41 
84 42 89 43 
84 46 89 47 
84 48 89 49 
84 50 89 51 
84 52 89 53 
84 56 89 57 
84 58 89 59 
84 60 89 61 
84 62 89 63 
84 64 89 65 
84 70 89 71 
84 72 89 73 
84 78 89 79 
84 82 89 83 
84 84 89 85 
84 86 89 87 
84 88 89 89 
84 90 89 91 
84 92 89 93 
84 96 89 97 
84 98 89 99 
84 100 89 101 
84 102 89 103 
84 104 89 105 
84 106 89 107 
84 108 89 109 
84 110 89 111 
84 112 89 113 
84 114 89 115 
84 116 89 117 
84 118 89 119 
84 120 89 121 
84 122 89 123 
84 126 89 127 
84 128 89 129 
84 130 89 131 
84 132 89 133 
84 134 89 135 
84 136 89 137 
84 138 89 139 
84 140 89 141 
84 144 89 145 
84 146 89 147 
84 148 89 149 
84 152 89 153 
84 154 89 155 
84 156 89 157 
84 158 89 159 
84 162 89 163 
84 164 89 165 
84 166 89 167 
84 168 89 169 
84 170 89 171 
84 172 89 173 
84 174 89 175 
84 176 89 177 
84 178 89 179 
84 180 89 181 
84 182 89 183 
84 184 89 185 
84 186 89 187 
84 190 89 191 
84 192 89 193 
84 194 89 195 
84 198 89 199 
84 200 89 201 
84 202 89 203 
84 204 89 205 
84 206 89 207 
84 208 89 209 
84 210 89 211 
84 212 89 213 
84 214 89 215 
84 216 89 217 
84 218 89 219 
84 220 89 221 
84 222 89 223 
84 224 89 225 
84 226 89 227 
84 228 89 229 
84 230 89 231 
84 234 89 235 
84 236 89 237 
84 240 89 241 
84 242 89 243 
84 244 89 245 
84 246 89 247 
84 248 89 249 
90 0 95 1 
90 2 95 3 
90 4 95 5 
90 6 95 7 
90 10 95 11 
90 14 95 15 
90 16 95 17 
90 18 95 19 
90 20 95 21 
90 22 95 23 
90 24 95 25 
90 26 95 27 
90 28 95 29 
90 30 95 31 
90 32 95 33 
90 34 95 35 
90 38 95 39 
90 40 95 41 
90 46 95 47 
90 50 95 51 
90 52 95 53 
90 54 95 55 
90 56 95 57 
90 58 95 59 
90 60 95 61 
90 64 95 65 
90 68 95 69 
90 70 95 71 
90 72 95 73 
90 74 95 75 
90 76 95 77 
90 78 95 79 
90 80 95 81 
90 82 95 83 
90 84 95 85 
90 86 95 87 
90 88 95 89 
90 90 95 91 
90 92 95 93 
90 96 95 97 
90 98 95 99 
90 102 95 103 
90 104 95 105 
90 106 95 107 
90 108 95 109 
90 112 95 113 
90 114 95 115 
90 116 95 117 
90 118 95 119 
90 120 95 121 
90 122 95 123 
90 124 95 125 
90 126 95 127 
90 128 95 129 
90 130 95 131 
90 132 95 133 
90 136 95 137 
90 138 95 139 
90 140 95 141 
90 142 95 143 
90 144 95 145 
90 146 95 147 
90 148 95 149 
90 152 95 153 
90 154 95 155 
90 156 95 157 
90 158 95 159 
90 160 95 161 
90 162 95 163 
90 164 95 165 
90 166 95 167 
90 168 95 169 
90 170 95 171 
90 172 95 173 
90 174 95 175 
90 176 95 177 
90 178 95 179 
90 180 95 181 
90 182 95 183 
90 188 95 189 
90 190 95 191 
90 192 95 193 
90 194 95 195 
90 196 95 197 
90 198 95 199 
90 200 95 201 
90 202 95 203 
90 206 95 207 
90 210 95 211 
90 212 95 213 
90 214 95 215 
90 216 95 217 
90 218 95 219 
90 222 95 223 
90 226 95 227 
90 228 95 229 
90 230 95 231 
90 232 95 233 
90 234 95 235 
90 236 95 237 
90 238 95 239 
90 242 95 243 
90 244 95 245 
90 248 95 249 
96 0 101 1 
96 2 101 3 
96 6 101 7 
96 8 101 9 
96 10 101 11 
96 14 101 15 
96 16 101 17 
96 18 101 19 
96 20 101 21 
96 22 101 23 
96 26 101 27 
96 30 101 31 
96 32 101 33 
96 36 101 37 
96 40 101 41 
96 42 101 43 
96 44 101 45 
96 46 101 47 
96 48 101 49 
96 50 101 51 
96 52 101 53 
96 54 101 55 
96 56 101 57 
96 58 101 59 
96 60 101 61 
96 62 101 63 
96 64 101 65 
96 66 101 67 
96 68 101 69 
96 72 101 73 
96 74 101 75 
96 76 101 77 
96 78 101 79 
96 80 101 81 
96 82 101 83 
96 84 101 85 
96 86 101 87 
96 88 101 89 
96 90 101 91 
96 92 101 93 
96 94 101 95 
96 96 101 97 
96 100 101 101 
96 102 101 103 
96 104 101 105 
96 106 101 107 
96 108 101 109 
96 110 101 111 
96 112 101 113 
96 116 101 117 
96 118 101 119 
96 120 101 121 
96 124 101 125 
96 126 101 127 
96 130 101 131 
96 132 101 133 
96 134 101 135 
96 136 101 137 
96 138 101 139 
96 140 101 141 
96 144 101 145 
96 146 101 147 
96 148 101 149 
96 150 101 151 
96 152 101 153 
96 156 101 157 
96 158 101 159 
96 160 101 161 
96 162 101 163 
96 164 101 165 
96 166 101 167 
96 168 101 169 
96 172 101 173 
96 174 101 175 
96 176 101 177 
96 178 101 179 
96 180 101 181 
96 184 101 185 
96 186 101 187 
96 188 101 189 
96 190 101 191 
96 192 101 193 
96 194 101 195 
96 196 101 197 
96 198 101 199 
96 204 101 205 
96 206 101 207 
96 208 101 209 
96 212 101 213 
96 214 101 215 
96 216 101 217 
96 218 101 219 
96 220 101 221 
96 224 101 225 
96 226 101 227 
96 228 101 229 
96 230 101 231 
96 232 101 233 
96 234 101 235 
96 236 101 237 
96 238 101 239 
96 242 101 243 
96 244 101 245 
96 246 101 247 
96 248 101 249 
102 2 107 3 
102 4 107 5 
102 6 107 7 
102 8 107 9 
102 12 107 13 
102 14 107 15 
102 16 107 17 
102 18 107 19 
102 20 107 21 
102 22 107 23 
102 24 107 25 
102 26 107 27 
102 28 107 29 
102 30 107 31 
102 32 107 33 
102 34 107 35 
102 36 107 37 
102 38 107 39 
102 40 107 41 
102 42 107 43 
102 44 107 45 
102 48 107 49 
102 50 107 51 
102 52 107 53 
102 56 107 57 
102 58 107 59 
102 60 107 61 
102 62 107 63 
102 64 107 65 
102 68 107 69 
102 70 107 71 
102 72 107 73 
102 76 107 77 
102 78 107 79 
102 82 107 83 
102 84 107 85 
102 86 107 87 
102 88 107 89 
102 90 107 91 
102 92 107 93 
102 94 107 95 
102 96 107 97 
102 98 107 99 
102 100 107 101 
102 102 107 103 
102 104 107 105 
102 106 107 107 
102 108 107 109 
102 110 107 111 
102 112 107 113 
102 114 107 115 
102 118 107 119 
102 120 107 121 
102 122 107 123 
102 124 107 125 
102 126 107 127 
102 128 107 129 
102 130 107 131 
102 132 107 133 
102 134 107 135 
102 136 107 137 
102 138 107 139 
102 140 107 141 
102 142 107 143 
102 146 107 147 
102 148 107 149 
102 150 107 151 
102 154 107 155 
102 156 107 157 
102 158 107 159 
102 162 107 163 
102 164 107 165 
102 166 107 167 
102 168 107 169 
102 174 107 175 
102 176 107 177 
102 178 107 179 
102 180 107 181 
102 182 107 183 
102 184 107 185 
102 188 107 189 
102 190 107 191 
102 192 107 193 
102 194 107 195 
102 196 107 197 
102 200 107 201 
102 202 107 203 
102 204 107 205 
102 206 107 207 
102 208 107 209 
102 210 107 211 
102 212 107 213 
102 214 107 215 
102 216 107 217 
102 220 107 221 
102 222 107 223 
102 224 107 225 
102 226 107 227 
102 228 107 229 
102 230 107 231 
102 232 107 233 
102 234 107 235 
102 236 107 237 
102 240 107 241 
102 242 107 243 
102 246 107 247 
102 248 107 249 
108 0 113 1 
108 2 113 3 
108 4 113 5 
108 6 113 7 
108 8 113 9 
108 12 113 13 
108 14 113 15 
108 16 113 17 
108 18 113 19 
108 22 113 23 
108 24 113 25 
108 26 113 27 
108 32 113 33 
108 34 113 35 
108 36 113 37 
108 38 113 39 
108 40 113 41 
108 42 113 43 
108 44 113 45 
108 46 113 47 
108 48 113 49 
108 52 113 53 
108 54 113 55 
108 58 113 59 
108 60 113 61 
108 62 113 63 
108 64 113 65 
108 66 113 67 
108 68 113 69 
108 70 113 71 
108 72 113 73 
108 74 113 75 
108 76 113 77 
108 78 113 79 
108 80 113 81 
108 82 113 83 
108 84 113 85 
108 86 113 87 
108 88 113 89 
108 94 113 95 
108 96 113 97 
108 100 113 101 
108 102 113 103 
108 106 113 107 
108 108 113 109 
108 110 113 111 
108 112 113 113 
108 114 113 115 
108 116 113 117 
108 118 113 119 
108 120 113 121 
108 122 113 123 
108 124 113 125 
108 126 113 127 
108 130 113 131 
108 132 113 133 
108 134 113 135 
108 136 113 137 
108 138 113 139 
108 140 113 141 
108 142 113 143 
108 146 113 147 
108 150 113 151 
108 152 113 153 
108 154 113 155 
108 156 113 157 
108 158 113 159 
108 160 113 161 
108 162 113 163 
108 164 113 165 
108 166 113 167 
108 172 113 173 
108 174 113 175 
108 176 113 177 
108 180 113 181 
108 182 113 183 
108 184 113 185 
108 186 113 187 
108 188 113 189 
108 190 113 191 
108 192 113 193 
108 194 113 195 
108 196 113 197 
108 198 113 199 
108 200 113 201 
108 202 113 203 
108 204 113 205 
108 206 113 207 
108 208 113 209 
108 210 113 211 
108 214 113 215 
108 216 113 217 
108 218 113 219 
108 220 113 221 
108 222 113 223 
108 224 113 225 
108 226 113 227 
108 228 113 229 
108 232 113 233 
108 234 113 235 
108 236 113 237 
108 240 113 241 
108 242 113 243 
108 244 113 245 
108 246 113 247 
108 248 113 249 
114 0 119 1 
114 2 119 3 
114 4 119 5 
114 6 119 7 
114 8 119 9 
114 10 119 11 
114 14 119 15 
114 18 119 19 
114 20 119 21 
114 22 119 23 
114 24 119 25 
114 26 119 27 
114 28 119 29 
114 30 119 31 
114 32 119 33 
114 34 119 35 
114 36 119 37 
114 40 119 41 
114 42 119 43 
114 44 119 45 
114 46 119 47 
114 48 119 49 
114 50 119 51 
114 52 119 53 
114 54 119 55 
114 56 119 57 
114 60 119 61 
114 62 119 63 
114 64 119 65 
114 66 119 67 
114 68 119 69 
114 70 119 71 
114 72 119 73 
114 74 119 75 
114 76 119 77 
114 78 119 79 
114 80 119 81 
114 82 119 83 
114 84 119 85 
114 86 119 87 
114 88 119 89 
114 90 119 91 
114 94 119 95 
114 96 119 97 
114 98 119 99 
114 100 119 101 
114 102 119 103 
114 104 119 105 
114 106 119 107 
114 110 119 111 
114 112 119 113 
114 114 119 115 
114 116 119 117 
114 118 119 119 
114 120 119 121 
114 122 119 123 
114 124 119 125 
114 126 119 127 
114 128 119 129 
114 130 119 131 
114 132 119 133 
114 134 119 135 
114 136 119 137 
114 138 119 139 
114 140 119 141 
114 142 119 143 
114 144 119 145 
114 146 119 147 
114 148 119 149 
114 150 119 151 
114 152 119 153 
114 154 119 155 
114 156 119 157 
114 158 119 159 
114 160 119 161 
114 162 119 163 
114 166 119 167 
114 168 119 169 
114 170 119 171 
114 172 119 173 
114 174 119 175 
114 176 119 177 
114 178 119 179 
114 182 119 183 
114 184 119 185 
114 186 119 187 
114 188 119 189 
114 190 119 191 
114 192 119 193 
114 196 119 197 
114 198 119 199 
114 202 119 203 
114 204 119 205 
114 206 119 207 
114 208 119 209 
114 210 119 211 
114 212 119 213 
114 216 119 217 
114 218 119 219 
114 220 119 221 
114 222 119 223 
114 224 119 225 
114 226 119 227 
114 228 119 229 
114 230 119 231 
114 232 119 233 
114 234 119 235 
114 236 119 237 
114 238 119 239 
114 240 119 241 
114 242 119 243 
114 244 119 245 
114 246 119 247 
114 248 119 249 
120 0 125 1 
120 2 125 3 
120 4 125 5 
120 6 125 7 
120 8 125 9 
120 10 125 11 
120 12 125 13 
120 14 125 15 
120 16 125 17 
120 18 125 19 
120 20 125 21 
120 24 125 25 
120 26 125 27 
120 28 125 29 
120 30 125 31 
120 34 125 35 
120 36 125 37 
120 42 125 43 
120 44 125 45 
120 46 125 47 
120 48 125 49 
120 50 125 51 
120 52 125 53 
120 54 125 55 
120 58 125 59 
120 62 125 63 
120 64 125 65 
120 66 125 67 
120 68 125 69 
120 72 125 73 
120 74 125 75 
120 80 125 81 
120 82 125 83 
120 84 125 85 
120 86 125 87 
120 88 125 89 
120 90 125 91 
120 94 125 95 
120 96 125 97 
120 98 125 99 
120 100 125 101 
120 102 125 103 
120 104 125 105 
120 106 125 107 
120 108 125 109 
120 112 125 113 
120 114 125 115 
120 116 125 117 
120 118 125 119 
120 120 125 121 
120 124 125 125 
120 126 125 127 
120 132 125 133 
120 134 125 135 
120 136 125 137 
120 138 125 139 
120 140 125 141 
120 142 125 143 
120 144 125 145 
120 146 125 147 
120 148 125 149 
120 150 125 151 
120 152 125 153 
120 154 125 155 
120 156 125 157 
120 158 125 159 
120 160 125 161 
120 162 125 163 
120 164 125 165 
120 170 125 171 
120 172 125 173 
120 176 125 177 
120 178 125 179 
120 180 125 181 
120 182 125 183 
120 184 125 185 
120 186 125 187 
120 188 125 189 
120 190 125 191 
120 194 125 195 
120 196 125 197 
120 198 125 199 
120 200 125 201 
120 202 125 203 
120 204 125 205 
120 206 125 207 
120 208 125 209 
120 210 125 211 
120 212 125 213 
120 214 125 215 
120 216 125 217 
120 218 125 219 
120 220 125 221 
120 222 125 223 
120 224 125 225 
120 226 125 227 
120 228 125 229 
120 230 125 231 
120 232 125 233 
120 234 125 235 
120 238 125 239 
120 240 125 241 
120 242 125 243 
120 244 125 245 
120 248 125 249 
126 0 131 1 
126 2 131 3 
126 4 131 5 
126 8 131 9 
126 10 131 11 
126 12 131 13 
126 16 131 17 
126 18 131 19 
126 20 131 21 
126 24 131 25 
126 26 131 27 
126 28 131 29 
126 30 131 31 
126 34 131 35 
126 38 131 39 
126 40 131 41 
126 42 131 43 
126 46 131 47 
126 48 131 49 
126 50 131 51 
126 52 131 53 
126 54 131 55 
126 56 131 57 
126 58 131 59 
126 60 131 61 
126 62 131 63 
126 66 131 67 
126 68 131 69 
126 70 131 71 
126 72 131 73 
126 74 131 75 
126 76 131 77 
126 78 131 79 
126 80 131 81 
126 82 131 83 
126 84 131 85 
126 86 131 87 
126 88 131 89 
126 90 131 91 
126 92 131 93 
126 94 131 95 
126 96 131 97 
126 98 131 99 
126 100 131 101 
126 102 131 103 
126 106 131 107 
126 108 131 109 
126 110 131 111 
126 112 131 113 
126 114 131 115 
126 116 131 117 
126 118 131 119 
126 120 131 121 
126 122 131 123 
126 124 131 125 
126 126 131 127 
126 128 131 129 
126 130 131 131 
126 132 131 133 
126 136 131 137 
126 138 131 139 
126 140 131 141 
126 142 131 143 
126 144 131 145 
126 146 131 147 
126 150 131 151 
126 152 131 153 
126 154 131 155 
126 156 131 157 
126 158 131 159 
126 160 131 161 
126 162 131 163 
126 164 131 165 
126 166 131 167 
126 168 131 169 
126 170 131 171 
126 174 131 175 
126 176 131 177 
126 178 131 179 
126 180 131 181 
126 182 131 183 
126 184 131 185 
126 186 131 187 
126 188 131 189 
126 192 131 193 
126 198 131 199 
126 200 131 201 
126 204 131 205 
126 206 131 207 
126 208 131 209 
126 210 131 211 
126 214 131 215 
126 216 131 217 
126 218 131 219 
126 220 131 221 
126 222 131 223 
126 224 131 225 
126 226 131 227 
126 232 131 233 
126 234 131 235 
126 236 131 237 
126 238 131 239 
126 240 131 241 
126 242 131 243 
126 244 131 245 
126 246 131 247 
126 248 131 249 
132 0 137 1 
132 2 137 3 
132 4 137 5 
132 6 137 7 
132 8 137 9 
132 10 137 11 
132 12 137 13 
132 14 137 15 
132 18 137 19 
132 20 137 21 
132 22 137 23 
132 24 137 25 
132 26 137 27 
132 28 137 29 
132 30 137 31 
132 34 137 35 
132 36 137 37 
132 38 137 39 
132 40 137 41 
132 42 137 43 
132 44 137 45 
132 48 137 49 
132 50 137 51 
132 52 137 53 
132 54 137 55 
132 56 137 57 
132 58 137 59 
132 60 137 61 
132 62 137 63 
132 64 137 65 
132 70 137 71 
132 72 137 73 
132 74 137 75 
132 76 137 77 
132 78 137 79 
132 82 137 83 
132 84 137 85 
132 86 137 87 
132 88 137 89 
132 92 137 93 
132 94 137 95 
132 96 137 97 
132 98 137 99 
132 100 137 101 
132 102 137 103 
132 104 137 105 
132 106 137 107 
132 108 137 109 
132 112 137 113 
132 114 137 115 
132 118 137 119 
132 122 137 123 
132 124 137 125 
132 126 137 127 
132 128 137 129 
132 130 137 131 
132 132 137 133 
132 134 137 135 
132 136 137 137 
132 140 137 141 
132 142 137 143 
132 146 137 147 
132 148 137 149 
132 150 137 151 
132 152 137 153 
132 154 137 155 
132 156 137 157 
132 158 137 159 
132 160 137 161 
132 162 137 163 
132 164 137 165 
132 166 137 167 
132 168 137 169 
132 170 137 171 
132 172 137 173 
132 174 137 175 
132 176 137 177 
132 178 137 179 
132 180 137 181 
132 182 137 183 
132 184 137 185 
132 186 137 187 
132 188 137 189 
132 190 137 191 
132 192 137 193 
132 194 137 195 
132 196 137 197 
132 198 137 199 
132 200 137 201 
132 202 137 203 
132 204 137 205 
132 206 137 207 
132 208 137 209 
132 210 137 211 
132 212 137 213 
132 214 137 215 
132 218 137 219 
132 220 137 221 
132 224 137 225 
132 226 137 227 
132 228 137 229 
132 230 137 231 
132 232 137 233 
132 234 137 235 
132 238 137 239 
132 240 137 241 
132 242 137 243 
132 244 137 245 
132 246 137 247 
132 248 137 249 
138 0 143 1 
138 2 143 3 
138 4 143 5 
138 6 143 7 
138 8 143 9 
138 10 143 11 
138 16 143 17 
138 18 143 19 
138 20 143 21 
138 24 143 25 
138 26 143 27 
138 28 143 29 
138 30 143 31 
138 34 143 35 
138 36 143 37 
138 40 143 41 
138 42 143 43 
138 44 143 45 
138 46 143 47 
138 48 143 49 
138 50 143 51 
138 54 143 55 
138 56 143 57 
138 58 143 59 
138 60 143 61 
138 62 143 63 
138 64 143 65 
138 66 143 67 
138 68 143 69 
138 70 143 71 
138 72 143 73 
138 74 143 75 
138 78 143 79 
138 80 143 81 
138 84 143 85 
138 86 143 87 
138 88 143 89 
138 92 143 93 
138 94 143 95 
138 96 143 97 
138 98 143 99 
138 100 143 101 
138 102 143 103 
138 104 143 105 
138 106 143 107 
138 108 143 109 
138 110 143 111 
138 112 143 113 
138 114 143 115 
138 118 143 119 
138 120 143 121 
138 122 143 123 
138 124 143 125 
138 126 143 127 
138 128 143 129 
138 130 143 131 
138 132 143 133 
138 134 143 135 
138 136 143 137 
138 138 143 139 
138 140 143 141 
138 142 143 143 
138 144 143 145 
138 146 143 147 
138 148 143 149 
138 152 143 153 
138 154 143 155 
138 158 143 159 
138 160 143 161 
138 162 143 163 
138 164 143 165 
138 166 143 167 
138 170 143 171 
138 172 143 173 
138 178 143 179 
138 180 143 181 
138 182 143 183 
138 186 143 187 
138 188 143 189 
138 190 143 191 
138 194 143 195 
138 196 143 197 
138 198 143 199 
138 200 143 201 
138 202 143 203 
138 204 143 205 
138 206 143 207 
138 208 143 209 
138 210 143 211 
138 212 143 213 
138 214 143 215 
138 216 143 217 
138 218 143 219 
138 220 143 221 
138 222 143 223 
138 224 143 225 
138 226 143 227 
138 228 143 229 
138 230 143 231 
138 232 143 233 
138 234 143 235 
138 238 143 239 
138 240 143 241 
138 242 143 243 
138 244 143 245 
138 246 143 247 
138 248 143 249 
144 0 149 1 
144 2 149 3 
144 4 149 5 
144 6 149 7 
144 10 149 11 
144 12 149 13 
144 14 149 15 
144 20 149 21 
144 22 149 23 
144 24 149 25 
144 26 149 27 
144 28 149 29 
144 30 149 31 
144 32 149 33 
144 34 149 35 
144 36 149 37 
144 38 149 39 
144 40 149 41 
144 42 149 43 
144 44 149 45 
144 46 149 47 
144 48 149 49 
144 50 149 51 
144 52 149 53 
144 54 149 55 
144 56 149 57 
144 58 149 59 
144 60 149 61 
144 62 149 63 
144 64 149 65 
144 66 149 67 
144 68 149 69 
144 70 149 71 
144 74 149 75 
144 76 149 77 
144 80 149 81 
144 82 149 83 
144 84 149 85 
144 86 149 87 
144 88 149 89 
144 94 149 95 
144 96 149 97 
144 98 149 99 
144 100 149 101 
144 102 149 103 
144 104 149 105 
144 106 149 107 
144 108 149 109 
144 112 149 113 
144 114 149 115 
144 116 149 117 
144 118 149 119 
144 120 149 121 
144 122 149 123 
144 124 149 125 
144 128 149 129 
144 130 149 131 
144 132 149 133 
144 134 149 135 
144 136 149 137 
144 138 149 139 
144 140 149 141 
144 142 149 143 
144 144 149 145 
144 146 149 147 
144 148 149 149 
144 150 149 151 
144 152 149 153 
144 158 149 159 
144 160 149 161 
144 162 149 163 
144 164 149 165 
144 166 149 167 
144 168 149 169 
144 172 149 173 
144 174 149 175 
144 176 149 177 
144 180 149 181 
144 182 149 183 
144 184 149 185 
144 186 149 187 
144 188 149 189 
144 190 149 191 
144 192 149 193 
144 194 149 195 
144 198 149 199 
144 200 149 201 
144 202 149 203 
144 204 149 205 
144 210 149 211 
144 214 149 215 
144 216 149 217 
144 218 149 219 
144 220 149 221 
144 222 149 223 
144 224 149 225 
144 228 149 229 
144 230 149 231 
144 232 149 233 
144 236 149 237 
144 238 149 239 
144 240 149 241 
144 242 149 243 
144 246 149 247 
144 248 149 249 
150 0 155 1 
150 2 155 3 
150 4 155 5 
150 6 155 7 
150 8 155 9 
150 10 155 11 
150 12 155 13 
150 14 155 15 
150 16 155 17 
150 18 155 19 
150 20 155 21 
150 22 155 23 
150 24 155 25 
150 26 155 27 
150 28 155 29 
150 30 155 31 
150 32 155 33 
150 34 155 35 
150 36 155 37 
150 38 155 39 
150 44 155 45 
150 52 155 53 
150 54 155 55 
150 58 155 59 
150 62 155 63 
150 64 155 65 
150 66 155 67 
150 68 155 69 
150 70 155 71 
150 72 155 73 
150 74 155 75 
150 78 155 79 
150 80 155 81 
150 82 155 83 
150 84 155 85 
150 86 155 87 
150 88 155 89 
150 90 155 91 
150 92 155 93 
150 94 155 95 
150 96 155 97 
150 98 155 99 
150 100 155 101 
150 104 155 105 
150 106 155 107 
150 108 155 109 
150 110 155 111 
150 112 155 113 
150 114 155 115 
150 116 155 117 
150 118 155 119 
150 120 155 121 
150 122 155 123 
150 124 155 125 
150 126 155 127 
150 128 155 129 
150 130 155 131 
150 132 155 133 
150 134 155 135 
150 136 155 137 
150 140 155 141 
150 142 155 143 
150 144 155 145 
150 146 155 147 
150 148 155 149 
150 150 155 151 
150 152 155 153 
150 156 155 157 
150 158 155 159 
150 160 155 161 
150 162 155 163 
150 164 155 165 
150 166 155 167 
150 168 155 169 
150 170 155 171 
150 172 155 173 
150 174 155 175 
150 176 155 177 
150 178 155 179 
150 182 155 183 
150 184 155 185 
150 186 155 187 
150 188 155 189 
150 192 155 193 
150 194 155 195 
150 196 155 197 
150 198 155 199 
150 200 155 201 
150 202 155 203 
150 204 155 205 
150 206 155 207 
150 208 155 209 
150 210 155 211 
150 214 155 215 
150 216 155 217 
150 218 155 219 
150 220 155 221 
150 222 155 223 
150 224 155 225 
150 226 155 227 
150 228 155 229 
150 230 155 231 
150 232 155 233 
150 234 155 235 
150 238 155 239 
150 240 155 241 
150 242 155 243 
150 244 155 245 
150 246 155 247 
150 248 155 249 
156 0 161 1 
156 2 161 3 
156 6 161 7 
156 8 161 9 
156 10 161 11 
156 14 161 15 
156 16 161 17 
156 18 161 19 
156 20 161 21 
156 22 161 23 
156 24 161 25 
156 26 161 27 
156 28 161 29 
156 30 161 31 
156 32 161 33 
156 34 161 35 
156 36 161 37 
156 38 161 39 
156 42 161 43 
156 44 161 45 
156 46 161 47 
156 48 161 49 
156 50 161 51 
156 52 161 53 
156 54 161 55 
156 56 161 57 
156 58 161 59 
156 60 161 61 
156 62 161 63 
156 64 161 65 
156 66 161 67 
156 68 161 69 
156 72 161 73 
156 76 161 77 
156 80 161 81 
156 82 161 83 
156 84 161 85 
156 86 161 87 
156 88 161 89 
156 92 161 93 
156 94 161 95 
156 96 161 97 
156 98 161 99 
156 100 161 101 
156 104 161 105 
156 110 161 111 
156 112 161 113 
156 114 161 115 
156 116 161 117 
156 118 161 119 
156 120 161 121 
156 122 161 123 
156 124 161 125 
156 126 161 127 
156 128 161 129 
156 130 161 131 
156 132 161 133 
156 134 161 135 
156 136 161 137 
156 138 161 139 
156 142 161 143 
156 146 161 147 
156 148 161 149 
156 150 161 151 
156 152 161 153 
156 154 161 155 
156 156 161 157 
156 160 161 161 
156 162 161 163 
156 164 161 165 
156 166 161 167 
156 168 161 169 
156 170 161 171 
156 172 161 173 
156 174 161 175 
156 176 161 177 
156 178 161 179 
156 180 161 181 
156 182 161 183 
156 188 161 189 
156 190 161 191 
156 192 161 193 
156 196 161 197 
156 198 161 199 
156 200 161 201 
156 202 161 203 
156 204 161 205 
156 206 161 207 
156 210 161 211 
156 212 161 213 
156 214 161 215 
156 216 161 217 
156 218 161 219 
156 220 161 221 
156 224 161 225 
156 226 161 227 
156 228 161 229 
156 230 161 231 
156 234 161 235 
156 236 161 237 
156 238 161 239 
156 240 161 241 
156 244 161 245 
156 246 161 247 
156 248 161 249 
162 0 167 1 
162 2 167 3 
162 4 167 5 
162 6 167 7 
162 8 167 9 
162 10 167 11 
162 12 167 13 
162 14 167 15 
162 16 167 17 
162 18 167 19 
162 20 167 21 
162 22 167 23 
162 24 167 25 
162 26 167 27 
162 28 167 29 
162 30 167 31 
162 34 167 35 
162 36 167 37 
162 38 167 39 
162 40 167 41 
162 44 167 45 
162 50 167 51 
162 52 167 53 
162 54 167 55 
162 56 167 57 
162 58 167 59 
162 60 167 61 
162 62 167 63 
162 64 167 65 
162 66 167 67 
162 68 167 69 
162 70 167 71 
162 72 167 73 
162 74 167 75 
162 76 167 77 
162 78 167 79 
162 80 167 81 
162 84 167 85 
162 86 167 87 
162 88 167 89 
162 94 167 95 
162 96 167 97 
162 98 167 99 
162 100 167 101 
162 106 167 107 
162 108 167 109 
162 112 167 113 
162 114 167 115 
162 118 167 119 
162 120 167 121 
162 122 167 123 
162 126 167 127 
162 128 167 129 
162 130 167 131 
162 132 167 133 
162 134 167 135 
162 136 167 137 
162 138 167 139 
162 142 167 143 
162 144 167 145 
162 146 167 147 
162 150 167 151 
162 152 167 153 
162 154 167 155 
162 156 167 157 
162 158 167 159 
162 160 167 161 
162 162 167 163 
162 164 167 165 
162 166 167 167 
162 168 167 169 
162 170 167 171 
162 172 167 173 
162 176 167 177 
162 178 167 179 
162 180 167 181 
162 182 167 183 
162 186 167 187 
162 188 167 189 
162 190 167 191 
162 192 167 193 
162 194 167 195 
162 196 167 197 
162 198 167 199 
162 202 167 203 
162 204 167 205 
162 206 167 207 
162 208 167 209 
162 210 167 211 
162 214 167 215 
162 216 167 217 
162 218 167 219 
162 220 167 221 
162 222 167 223 
162 224 167 225 
162 226 167 227 
162 228 167 229 
162 230 167 231 
162 234 167 235 
162 236 167 237 
162 238 167 239 
162 240 167 241 
162 242 167 243 
162 244 167 245 
162 246 167 247 
162 248 167 249 
168 0 173 1 
168 2 173 3 
168 4 173 5 
168 8 173 9 
168 10 173 11 
168 16 173 17 
168 18 173 19 
168 26 173 27 
168 28 173 29 
168 30 173 31 
168 34 173 35 
168 36 173 37 
168 38 173 39 
168 40 173 41 
168 42 173 43 
168 44 173 45 
168 46 173 47 
168 48 173 49 
168 50 173 51 
168 52 173 53 
168 54 173 55 
168 56 173 57 
168 58 173 59 
168 60 173 61 
168 62 173 63 
168 64 173 65 
168 66 173 67 
168 68 173 69 
168 70 173 71 
168 72 173 73 
168 74 173 75 
168 76 173 77 
168 78 173 79 
168 80 173 81 
168 82 173 83 
168 84 173 85 
168 86 173 87 
168 88 173 89 
168 90 173 91 
168 92 173 93 
168 94 173 95 
168 96 173 97 
168 98 173 99 
168 100 173 101 
168 102 173 103 
168 104 173 105 
168 106 173 107 
168 108 173 109 
168 110 173 111 
168 112 173 113 
168 114 173 115 
168 116 173 117 
168 118 173 119 
168 120 173 121 
168 122 173 123 
168 126 173 127 
168 132 173 133 
168 134 173 135 
168 136 173 137 
168 138 173 139 
168 142 173 143 
168 146 173 147 
168 148 173 149 
168 150 173 151 
168 152 173 153 
168 154 173 155 
168 156 173 157 
168 158 173 159 
168 160 173 161 
168 162 173 163 
168 164 173 165 
168 166 173 167 
168 168 173 169 
168 170 173 171 
168 172 173 173 
168 176 173 177 
168 178 173 179 
168 182 173 183 
168 184 173 185 
168 186 173 187 
168 188 173 189 
168 190 173 191 
168 192 173 193 
168 194 173 195 
168 196 173 197 
168 198 173 199 
168 200 173 201 
168 204 173 205 
168 206 173 207 
168 208 173 209 
168 212 173 213 
168 214 173 215 
168 216 173 217 
168 218 173 219 
168 220 173 221 
168 222 173 223 
168 224 173 225 
168 226 173 227 
168 228 173 229 
168 230 173 231 
168 232 173 233 
168 234 173 235 
168 236 173 237 
168 238 173 239 
168 240 173 241 
168 242 173 243 
168 244 173 245 
168 248 173 249 
174 0 179 1 
174 2 179 3 
174 4 179 5 
174 8 179 9 
174 10 179 11 
174 12 179 13 
174 14 179 15 
174 16 179 17 
174 18 179 19 
174 20 179 21 
174 24 179 25 
174 26 179 27 
174 28 179 29 
174 30 179 31 
174 32 179 33 
174 36 179 37 
174 38 179 39 
174 40 179 41 
174 42 179 43 
174 44 179 45 
174 46 179 47 
174 50 179 51 
174 52 179 53 
174 56 179 57 
174 58 179 59 
174 60 179 61 
174 62 179 63 
174 64 179 65 
174 66 179 67 
174 68 179 69 
174 70 179 71 
174 72 179 73 
174 74 179 75 
174 76 179 77 
174 78 179 79 
174 80 179 81 
174 82 179 83 
174 84 179 85 
174 88 179 89 
174 90 179 91 
174 92 179 93 
174 94 179 95 
174 96 179 97 
174 98 179 99 
174 100 179 101 
174 102 179 103 
174 104 179 105 
174 108 179 109 
174 110 179 111 
174 112 179 113 
174 114 179 115 
174 116 179 117 
174 118 179 119 
174 120 179 121 
174 122 179 123 
174 124 179 125 
174 126 179 127 
174 128 179 129 
174 132 179 133 
174 134 179 135 
174 136 179 137 
174 138 179 139 
174 142 179 143 
174 144 179 145 
174 146 179 147 
174 148 179 149 
174 150 179 151 
174 154 179 155 
174 156 179 157 
174 158 179 159 
174 162 179 163 
174 164 179 165 
174 166 179 167 
174 168 179 169 
174 170 179 171 
174 172 179 173 
174 174 179 175 
174 176 179 177 
174 178 179 179 
174 180 179 181 
174 182 179 183 
174 184 179 185 
174 186 179 187 
174 188 179 189 
174 190 179 191 
174 192 179 193 
174 194 179 195 
174 196 179 197 
174 198 179 199 
174 200 179 201 
174 204 179 205 
174 206 179 207 
174 210 179 211 
174 212 179 213 
174 214 179 215 
174 216 179 217 
174 218 179 219 
174 220 179 221 
174 222 179 223 
174 226 179 227 
174 230 179 231 
174 232 179 233 
174 234 179 235 
174 236 179 237 
174 238 179 239 
174 240 179 241 
174 242 179 243 
180 0 185 1 
180 2 185 3 
180 4 185 5 
180 6 185 7 
180 8 185 9 
180 10 185 11 
180 14 185 15 
180 16 185 17 
180 18 185 19 
180 20 185 21 
180 22 185 23 
180 26 185 27 
180 28 185 29 
180 30 185 31 
180 32 185 33 
180 34 185 35 
180 36 185 37 
180 38 185 39 
180 40 185 41 
180 42 185 43 
180 46 185 47 
180 48 185 49 
180 52 185 53 
180 54 185 55 
180 56 185 57 
180 58 185 59 
180 60 185 61 
180 62 185 63 
180 66 185 67 
180 70 185 71 
180 72 185 73 
180 74 185 75 
180 76 185 77 
180 78 185 79 
180 80 185 81 
180 82 185 83 
180 84 185 85 
180 86 185 87 
180 88 185 89 
180 90 185 91 
180 92 185 93 
180 94 185 95 
180 96 185 97 
180 98 185 99 
180 100 185 101 
180 104 185 105 
180 106 185 107 
180 108 185 109 
180 110 185 111 
180 112 185 113 
180 114 185 115 
180 116 185 117 
180 118 185 119 
180 120 185 121 
180 122 185 123 
180 124 185 125 
180 126 185 127 
180 128 185 129 
180 130 185 131 
180 136 185 137 
180 140 185 141 
180 142 185 143 
180 144 185 145 
180 146 185 147 
180 150 185 151 
180 152 185 153 
180 156 185 157 
180 158 185 159 
180 160 185 161 
180 162 185 163 
180 164 185 165 
180 166 185 167 
180 168 185 169 
180 170 185 171 
180 172 185 173 
180 176 185 177 
180 178 185 179 
180 180 185 181 
180 184 185 185 
180 186 185 187 
180 188 185 189 
180 190 185 191 
180 192 185 193 
180 194 185 195 
180 196 185 197 
180 198 185 199 
180 200 185 201 
180 202 185 203 
180 204 185 205 
180 206 185 207 
180 210 185 211 
180 212 185 213 
180 214 185 215 
180 218 185 219 
180 220 185 221 
180 222 185 223 
180 224 185 225 
180 228 185 229 
180 230 185 231 
180 232 185 233 
180 234 185 235 
180 236 185 237 
180 238 185 239 
180 240 185 241 
180 242 185 243 
180 244 185 245 
180 246 185 247 
180 248 185 249 
186 0 191 1 
186 2 191 3 
186 4 191 5 
186 6 191 7 
186 8 191 9 
186 10 191 11 
186 14 191 15 
186 16 191 17 
186 20 191 21 
186 22 191 23 
186 26 191 27 
186 28 191 29 
186 30 191 31 
186 32 191 33 
186 34 191 35 
186 38 191 39 
186 40 191 41 
186 42 191 43 
186 44 191 45 
186 46 191 47 
186 48 191 49 
186 50 191 51 
186 52 191 53 
186 54 191 55 
186 56 191 57 
186 60 191 61 
186 62 191 63 
186 64 191 65 
186 66 191 67 
186 68 191 69 
186 70 191 71 
186 72 191 73 
186 74 191 75 
186 76 191 77 
186 78 191 79 
186 80 191 81 
186 82 191 83 
186 84 191 85 
186 88 191 89 
186 90 191 91 
186 92 191 93 
186 94 191 95 
186 96 191 97 
186 98 191 99 
186 100 191 101 
186 102 191 103 
186 106 191 107 
186 108 191 109 
186 112 191 113 
186 114 191 115 
186 116 191 117 
186 118 191 119 
186 120 191 121 
186 122 191 123 
186 124 191 125 
186 126 191 127 
186 128 191 129 
186 136 191 137 
186 138 191 139 
186 140 191 141 
186 142 191 143 
186 144 191 145 
186 146 191 147 
186 148 191 149 
186 150 191 151 
186 152 191 153 
186 154 191 155 
186 156 191 157 
186 158 191 159 
186 160 191 161 
186 162 191 163 
186 164 191 165 
186 168 191 169 
186 170 191 171 
186 172 191 173 
186 174 191 175 
186 176 191 177 
186 178 191 179 
186 180 191 181 
186 182 191 183 
186 184 191 185 
186 186 191 187 
186 188 191 189 
186 192 191 193 
186 196 191 197 
186 198 191 199 
186 200 191 201 
186 202 191 203 
186 204 191 205 
186 206 191 207 
186 208 191 209 
186 210 191 211 
186 212 191 213 
186 214 191 215 
186 216 191 217 
186 218 191 219 
186 220 191 221 
186 222 191 223 
186 226 191 227 
186 228 191 229 
186 230 191 231 
186 232 191 233 
186 234 191 235 
186 238 191 239 
186 240 191 241 
186 242 191 243 
186 246 191 247 
186 248 191 249 
192 0 197 1 
192 4 197 5 
192 6 197 7 
192 8 197 9 
192 10 197 11 
192 12 197 13 
192 16 197 17 
192 18 197 19 
192 22 197 23 
192 24 197 25 
192 26 197 27 
192 28 197 29 
192 30 197 31 
192 32 197 33 
192 36 197 37 
192 38 197 39 
192 42 197 43 
192 44 197 45 
192 46 197 47 
192 48 197 49 
192 52 197 53 
192 54 197 55 
192 56 197 57 
192 58 197 59 
192 60 197 61 
192 62 197 63 
192 64 197 65 
192 66 197 67 
192 68 197 69 
192 70 197 71 
192 72 197 73 
192 74 197 75 
192 76 197 77 
192 78 197 79 
192 80 197 81 
192 82 197 83 
192 86 197 87 
192 88 197 89 
192 90 197 91 
192 92 197 93 
192 94 197 95 
192 96 197 97 
192 100 197 101 
192 102 197 103 
192 106 197 107 
192 108 197 109 
192 110 197 111 
192 112 197 113 
192 114 197 115 
192 118 197 119 
192 120 197 121 
192 122 197 123 
192 124 197 125 
192 130 197 131 
192 132 197 133 
192 134 197 135 
192 136 197 137 
192 138 197 139 
192 140 197 141 
192 142 197 143 
192 144 197 145 
192 146 197 147 
192 148 197 149 
192 150 197 151 
192 152 197 153 
192 156 197 157 
192 158 197 159 
192 160 197 161 
192 162 197 163 
192 164 197 165 
192 168 197 169 
192 170 197 171 
192 172 197 173 
192 174 197 175 
192 176 197 177 
192 178 197 179 
192 180 197 181 
192 182 197 183 
192 184 197 185 
192 186 197 187 
192 188 197 189 
192 190 197 191 
192 192 197 193 
192 194 197 195 
192 196 197 197 
192 198 197 199 
192 200 197 201 
192 202 197 203 
192 204 197 205 
192 206 197 207 
192 208 197 209 
192 210 197 211 
192 212 197 213 
192 214 197 215 
192 216 197 217 
192 220 197 221 
192 222 197 223 
192 224 197 225 
192 226 197 227 
192 228 197 229 
192 230 197 231 
192 232 197 233 
192 234 197 235 
192 236 197 237 
192 238 197 239 
192 240 197 241 
192 242 197 243 
192 244 197 245 
192 246 197 247 
192 248 197 249 
